# JRE version: OpenJDK Runtime Environment (14.0.1+7) (build 14.0.1+7)
# Java VM: OpenJDK 64-Bit Server VM (14.0.1+7, mixed mode, sharing, tiered, compressed oops, parallel gc, windows-amd64)
Heap:
 PSYoungGen      total 6656K, used 1535K [0x00000000eab00000, 0x00000000ebc00000, 0x0000000100000000)
  eden space 5120K, 0% used [0x00000000eab00000,0x00000000eab00000,0x00000000eb000000)
  from space 1536K, 99% used [0x00000000eb000000,0x00000000eb17fe70,0x00000000eb180000)
  to   space 6144K, 0% used [0x00000000eb600000,0x00000000eb600000,0x00000000ebc00000)
 ParOldGen       total 151552K, used 149641K [0x00000000c0000000, 0x00000000c9400000, 0x00000000eab00000)
  object space 151552K, 98% used [0x00000000c0000000,0x00000000c9222548,0x00000000c9400000)
 Metaspace       used 78553K, capacity 82132K, committed 82432K, reserved 1122304K
  class space    used 7767K, capacity 9112K, committed 9216K, reserved 1048576K
GC Heap History (20 events):
Event: 18633.320 GC heap after
{Heap after GC invocations=1524 (full 55):
 PSYoungGen      total 4608K, used 640K [0x00000000eab00000, 0x00000000eb100000, 0x0000000100000000)
  eden space 3072K, 0% used [0x00000000eab00000,0x00000000eab00000,0x00000000eae00000)
  from space 1536K, 41% used [0x00000000eaf80000,0x00000000eb020000,0x00000000eb100000)
  to   space 1536K, 0% used [0x00000000eae00000,0x00000000eae00000,0x00000000eaf80000)
 ParOldGen       total 151552K, used 135957K [0x00000000c0000000, 0x00000000c9400000, 0x00000000eab00000)
  object space 151552K, 89% used [0x00000000c0000000,0x00000000c84c54a8,0x00000000c9400000)
 Metaspace       used 78538K, capacity 82132K, committed 82432K, reserved 1122304K
  class space    used 7767K, capacity 9112K, committed 9216K, reserved 1048576K
}
Event: 18633.339 GC heap before
{Heap before GC invocations=1525 (full 55):
 PSYoungGen      total 4608K, used 3712K [0x00000000eab00000, 0x00000000eb100000, 0x0000000100000000)
  eden space 3072K, 100% used [0x00000000eab00000,0x00000000eae00000,0x00000000eae00000)
  from space 1536K, 41% used [0x00000000eaf80000,0x00000000eb020000,0x00000000eb100000)
  to   space 1536K, 0% used [0x00000000eae00000,0x00000000eae00000,0x00000000eaf80000)
 ParOldGen       total 151552K, used 135957K [0x00000000c0000000, 0x00000000c9400000, 0x00000000eab00000)
  object space 151552K, 89% used [0x00000000c0000000,0x00000000c84c54a8,0x00000000c9400000)
 Metaspace       used 78544K, capacity 82132K, committed 82432K, reserved 1122304K
  class space    used 7767K, capacity 9112K, committed 9216K, reserved 1048576K
}
Event: 18633.348 GC heap after
{Heap after GC invocations=1525 (full 55):
 PSYoungGen      total 4608K, used 192K [0x00000000eab00000, 0x00000000eb000000, 0x0000000100000000)
  eden space 3072K, 0% used [0x00000000eab00000,0x00000000eab00000,0x00000000eae00000)
  from space 1536K, 12% used [0x00000000eae00000,0x00000000eae30000,0x00000000eaf80000)
  to   space 512K, 0% used [0x00000000eaf80000,0x00000000eaf80000,0x00000000eb000000)
 ParOldGen       total 151552K, used 136547K [0x00000000c0000000, 0x00000000c9400000, 0x00000000eab00000)
  object space 151552K, 90% used [0x00000000c0000000,0x00000000c8558f08,0x00000000c9400000)
 Metaspace       used 78544K, capacity 82132K, committed 82432K, reserved 1122304K
  class space    used 7767K, capacity 9112K, committed 9216K, reserved 1048576K
}
Event: 18635.474 GC heap before
{Heap before GC invocations=1526 (full 55):
 PSYoungGen      total 4608K, used 3264K [0x00000000eab00000, 0x00000000eb000000, 0x0000000100000000)
  eden space 3072K, 100% used [0x00000000eab00000,0x00000000eae00000,0x00000000eae00000)
  from space 1536K, 12% used [0x00000000eae00000,0x00000000eae30000,0x00000000eaf80000)
  to   space 512K, 0% used [0x00000000eaf80000,0x00000000eaf80000,0x00000000eb000000)
 ParOldGen       total 151552K, used 136547K [0x00000000c0000000, 0x00000000c9400000, 0x00000000eab00000)
  object space 151552K, 90% used [0x00000000c0000000,0x00000000c8558f08,0x00000000c9400000)
 Metaspace       used 78544K, capacity 82132K, committed 82432K, reserved 1122304K
  class space    used 7767K, capacity 9112K, committed 9216K, reserved 1048576K
}
Event: 18635.479 GC heap after
{Heap after GC invocations=1526 (full 55):
 PSYoungGen      total 4608K, used 384K [0x00000000eab00000, 0x00000000eb000000, 0x0000000100000000)
  eden space 4096K, 0% used [0x00000000eab00000,0x00000000eab00000,0x00000000eaf00000)
  from space 512K, 75% used [0x00000000eaf80000,0x00000000eafe0040,0x00000000eb000000)
  to   space 512K, 0% used [0x00000000eaf00000,0x00000000eaf00000,0x00000000eaf80000)
 ParOldGen       total 151552K, used 136579K [0x00000000c0000000, 0x00000000c9400000, 0x00000000eab00000)
  object space 151552K, 90% used [0x00000000c0000000,0x00000000c8560f08,0x00000000c9400000)
 Metaspace       used 78544K, capacity 82132K, committed 82432K, reserved 1122304K
  class space    used 7767K, capacity 9112K, committed 9216K, reserved 1048576K
}
Event: 18635.759 GC heap before
{Heap before GC invocations=1527 (full 55):
 PSYoungGen      total 4608K, used 4480K [0x00000000eab00000, 0x00000000eb000000, 0x0000000100000000)
  eden space 4096K, 100% used [0x00000000eab00000,0x00000000eaf00000,0x00000000eaf00000)
  from space 512K, 75% used [0x00000000eaf80000,0x00000000eafe0040,0x00000000eb000000)
  to   space 512K, 0% used [0x00000000eaf00000,0x00000000eaf00000,0x00000000eaf80000)
 ParOldGen       total 151552K, used 136579K [0x00000000c0000000, 0x00000000c9400000, 0x00000000eab00000)
  object space 151552K, 90% used [0x00000000c0000000,0x00000000c8560f08,0x00000000c9400000)
 Metaspace       used 78545K, capacity 82132K, committed 82432K, reserved 1122304K
  class space    used 7767K, capacity 9112K, committed 9216K, reserved 1048576K
}
Event: 18635.775 GC heap after
{Heap after GC invocations=1527 (full 55):
 PSYoungGen      total 4608K, used 480K [0x00000000eab00000, 0x00000000eb600000, 0x0000000100000000)
  eden space 4096K, 0% used [0x00000000eab00000,0x00000000eab00000,0x00000000eaf00000)
  from space 512K, 93% used [0x00000000eaf00000,0x00000000eaf78010,0x00000000eaf80000)
  to   space 3072K, 0% used [0x00000000eb300000,0x00000000eb300000,0x00000000eb600000)
 ParOldGen       total 151552K, used 138660K [0x00000000c0000000, 0x00000000c9400000, 0x00000000eab00000)
  object space 151552K, 91% used [0x00000000c0000000,0x00000000c8769328,0x00000000c9400000)
 Metaspace       used 78545K, capacity 82132K, committed 82432K, reserved 1122304K
  class space    used 7767K, capacity 9112K, committed 9216K, reserved 1048576K
}
Event: 18635.800 GC heap before
{Heap before GC invocations=1528 (full 55):
 PSYoungGen      total 4608K, used 4576K [0x00000000eab00000, 0x00000000eb600000, 0x0000000100000000)
  eden space 4096K, 100% used [0x00000000eab00000,0x00000000eaf00000,0x00000000eaf00000)
  from space 512K, 93% used [0x00000000eaf00000,0x00000000eaf78010,0x00000000eaf80000)
  to   space 3072K, 0% used [0x00000000eb300000,0x00000000eb300000,0x00000000eb600000)
 ParOldGen       total 151552K, used 138660K [0x00000000c0000000, 0x00000000c9400000, 0x00000000eab00000)
  object space 151552K, 91% used [0x00000000c0000000,0x00000000c8769328,0x00000000c9400000)
 Metaspace       used 78546K, capacity 82132K, committed 82432K, reserved 1122304K
  class space    used 7767K, capacity 9112K, committed 9216K, reserved 1048576K
}
Event: 18635.817 GC heap after
{Heap after GC invocations=1528 (full 55):
 PSYoungGen      total 6144K, used 3072K [0x00000000eab00000, 0x00000000eba00000, 0x0000000100000000)
  eden space 3072K, 0% used [0x00000000eab00000,0x00000000eab00000,0x00000000eae00000)
  from space 3072K, 100% used [0x00000000eb300000,0x00000000eb600000,0x00000000eb600000)
  to   space 5120K, 0% used [0x00000000eae00000,0x00000000eae00000,0x00000000eb300000)
 ParOldGen       total 151552K, used 140161K [0x00000000c0000000, 0x00000000c9400000, 0x00000000eab00000)
  object space 151552K, 92% used [0x00000000c0000000,0x00000000c88e07b8,0x00000000c9400000)
 Metaspace       used 78546K, capacity 82132K, committed 82432K, reserved 1122304K
  class space    used 7767K, capacity 9112K, committed 9216K, reserved 1048576K
}
Event: 18635.837 GC heap before
{Heap before GC invocations=1529 (full 55):
 PSYoungGen      total 6144K, used 6143K [0x00000000eab00000, 0x00000000eba00000, 0x0000000100000000)
  eden space 3072K, 99% used [0x00000000eab00000,0x00000000eadffcb0,0x00000000eae00000)
  from space 3072K, 100% used [0x00000000eb300000,0x00000000eb600000,0x00000000eb600000)
  to   space 5120K, 0% used [0x00000000eae00000,0x00000000eae00000,0x00000000eb300000)
 ParOldGen       total 151552K, used 140161K [0x00000000c0000000, 0x00000000c9400000, 0x00000000eab00000)
  object space 151552K, 92% used [0x00000000c0000000,0x00000000c88e07b8,0x00000000c9400000)
 Metaspace       used 78546K, capacity 82132K, committed 82432K, reserved 1122304K
  class space    used 7767K, capacity 9112K, committed 9216K, reserved 1048576K
}
Event: 18635.855 GC heap after
{Heap after GC invocations=1529 (full 55):
 PSYoungGen      total 5632K, used 2368K [0x00000000eab00000, 0x00000000eb600000, 0x0000000100000000)
  eden space 3072K, 0% used [0x00000000eab00000,0x00000000eab00000,0x00000000eae00000)
  from space 2560K, 92% used [0x00000000eae00000,0x00000000eb050000,0x00000000eb080000)
  to   space 3584K, 0% used [0x00000000eb280000,0x00000000eb280000,0x00000000eb600000)
 ParOldGen       total 151552K, used 143305K [0x00000000c0000000, 0x00000000c9400000, 0x00000000eab00000)
  object space 151552K, 94% used [0x00000000c0000000,0x00000000c8bf27b8,0x00000000c9400000)
 Metaspace       used 78546K, capacity 82132K, committed 82432K, reserved 1122304K
  class space    used 7767K, capacity 9112K, committed 9216K, reserved 1048576K
}
Event: 18635.885 GC heap before
{Heap before GC invocations=1530 (full 55):
 PSYoungGen      total 5632K, used 5440K [0x00000000eab00000, 0x00000000eb600000, 0x0000000100000000)
  eden space 3072K, 100% used [0x00000000eab00000,0x00000000eae00000,0x00000000eae00000)
  from space 2560K, 92% used [0x00000000eae00000,0x00000000eb050000,0x00000000eb080000)
  to   space 3584K, 0% used [0x00000000eb280000,0x00000000eb280000,0x00000000eb600000)
 ParOldGen       total 151552K, used 143305K [0x00000000c0000000, 0x00000000c9400000, 0x00000000eab00000)
  object space 151552K, 94% used [0x00000000c0000000,0x00000000c8bf27b8,0x00000000c9400000)
 Metaspace       used 78550K, capacity 82132K, committed 82432K, reserved 1122304K
  class space    used 7767K, capacity 9112K, committed 9216K, reserved 1048576K
}
Event: 18635.890 GC heap after
{Heap after GC invocations=1530 (full 55):
 PSYoungGen      total 4608K, used 352K [0x00000000eab00000, 0x00000000eb300000, 0x0000000100000000)
  eden space 4096K, 0% used [0x00000000eab00000,0x00000000eab00000,0x00000000eaf00000)
  from space 512K, 68% used [0x00000000eb280000,0x00000000eb2d8000,0x00000000eb300000)
  to   space 1536K, 0% used [0x00000000eb000000,0x00000000eb000000,0x00000000eb180000)
 ParOldGen       total 151552K, used 145600K [0x00000000c0000000, 0x00000000c9400000, 0x00000000eab00000)
  object space 151552K, 96% used [0x00000000c0000000,0x00000000c8e301a8,0x00000000c9400000)
 Metaspace       used 78550K, capacity 82132K, committed 82432K, reserved 1122304K
  class space    used 7767K, capacity 9112K, committed 9216K, reserved 1048576K
}
Event: 18635.920 GC heap before
{Heap before GC invocations=1531 (full 55):
 PSYoungGen      total 4608K, used 4448K [0x00000000eab00000, 0x00000000eb300000, 0x0000000100000000)
  eden space 4096K, 100% used [0x00000000eab00000,0x00000000eaf00000,0x00000000eaf00000)
  from space 512K, 68% used [0x00000000eb280000,0x00000000eb2d8000,0x00000000eb300000)
  to   space 1536K, 0% used [0x00000000eb000000,0x00000000eb000000,0x00000000eb180000)
 ParOldGen       total 151552K, used 145600K [0x00000000c0000000, 0x00000000c9400000, 0x00000000eab00000)
  object space 151552K, 96% used [0x00000000c0000000,0x00000000c8e301a8,0x00000000c9400000)
 Metaspace       used 78550K, capacity 82132K, committed 82432K, reserved 1122304K
  class space    used 7767K, capacity 9112K, committed 9216K, reserved 1048576K
}
Event: 18635.922 GC heap after
{Heap after GC invocations=1531 (full 55):
 PSYoungGen      total 6656K, used 128K [0x00000000eab00000, 0x00000000eb300000, 0x0000000100000000)
  eden space 5120K, 0% used [0x00000000eab00000,0x00000000eab00000,0x00000000eb000000)
  from space 1536K, 8% used [0x00000000eb000000,0x00000000eb020000,0x00000000eb180000)
  to   space 512K, 0% used [0x00000000eb280000,0x00000000eb280000,0x00000000eb300000)
 ParOldGen       total 151552K, used 145792K [0x00000000c0000000, 0x00000000c9400000, 0x00000000eab00000)
  object space 151552K, 96% used [0x00000000c0000000,0x00000000c8e601a8,0x00000000c9400000)
 Metaspace       used 78550K, capacity 82132K, committed 82432K, reserved 1122304K
  class space    used 7767K, capacity 9112K, committed 9216K, reserved 1048576K
}
Event: 18636.144 GC heap before
{Heap before GC invocations=1532 (full 55):
 PSYoungGen      total 6656K, used 5248K [0x00000000eab00000, 0x00000000eb300000, 0x0000000100000000)
  eden space 5120K, 100% used [0x00000000eab00000,0x00000000eb000000,0x00000000eb000000)
  from space 1536K, 8% used [0x00000000eb000000,0x00000000eb020000,0x00000000eb180000)
  to   space 512K, 0% used [0x00000000eb280000,0x00000000eb280000,0x00000000eb300000)
 ParOldGen       total 151552K, used 145792K [0x00000000c0000000, 0x00000000c9400000, 0x00000000eab00000)
  object space 151552K, 96% used [0x00000000c0000000,0x00000000c8e601a8,0x00000000c9400000)
 Metaspace       used 78552K, capacity 82132K, committed 82432K, reserved 1122304K
  class space    used 7767K, capacity 9112K, committed 9216K, reserved 1048576K
}
Event: 18636.147 GC heap after
{Heap after GC invocations=1532 (full 55):
 PSYoungGen      total 5632K, used 512K [0x00000000eab00000, 0x00000000eb300000, 0x0000000100000000)
  eden space 5120K, 0% used [0x00000000eab00000,0x00000000eab00000,0x00000000eb000000)
  from space 512K, 100% used [0x00000000eb280000,0x00000000eb300000,0x00000000eb300000)
  to   space 1536K, 0% used [0x00000000eb000000,0x00000000eb000000,0x00000000eb180000)
 ParOldGen       total 151552K, used 146196K [0x00000000c0000000, 0x00000000c9400000, 0x00000000eab00000)
  object space 151552K, 96% used [0x00000000c0000000,0x00000000c8ec50b8,0x00000000c9400000)
 Metaspace       used 78552K, capacity 82132K, committed 82432K, reserved 1122304K
  class space    used 7767K, capacity 9112K, committed 9216K, reserved 1048576K
}
Event: 18636.417 GC heap before
{Heap before GC invocations=1533 (full 55):
 PSYoungGen      total 5632K, used 5632K [0x00000000eab00000, 0x00000000eb300000, 0x0000000100000000)
  eden space 5120K, 100% used [0x00000000eab00000,0x00000000eb000000,0x00000000eb000000)
  from space 512K, 100% used [0x00000000eb280000,0x00000000eb300000,0x00000000eb300000)
  to   space 1536K, 0% used [0x00000000eb000000,0x00000000eb000000,0x00000000eb180000)
 ParOldGen       total 151552K, used 146196K [0x00000000c0000000, 0x00000000c9400000, 0x00000000eab00000)
  object space 151552K, 96% used [0x00000000c0000000,0x00000000c8ec50b8,0x00000000c9400000)
 Metaspace       used 78553K, capacity 82132K, committed 82432K, reserved 1122304K
  class space    used 7767K, capacity 9112K, committed 9216K, reserved 1048576K
}
Event: 18636.423 GC heap after
{Heap after GC invocations=1533 (full 55):
 PSYoungGen      total 6656K, used 1535K [0x00000000eab00000, 0x00000000ebc00000, 0x0000000100000000)
  eden space 5120K, 0% used [0x00000000eab00000,0x00000000eab00000,0x00000000eb000000)
  from space 1536K, 99% used [0x00000000eb000000,0x00000000eb17fe70,0x00000000eb180000)
  to   space 6144K, 0% used [0x00000000eb600000,0x00000000eb600000,0x00000000ebc00000)
 ParOldGen       total 151552K, used 149641K [0x00000000c0000000, 0x00000000c9400000, 0x00000000eab00000)
  object space 151552K, 98% used [0x00000000c0000000,0x00000000c9222548,0x00000000c9400000)
 Metaspace       used 78553K, capacity 82132K, committed 82432K, reserved 1122304K
  class space    used 7767K, capacity 9112K, committed 9216K, reserved 1048576K
}
Event: 18636.423 GC heap before
{Heap before GC invocations=1534 (full 56):
 PSYoungGen      total 6656K, used 1535K [0x00000000eab00000, 0x00000000ebc00000, 0x0000000100000000)
  eden space 5120K, 0% used [0x00000000eab00000,0x00000000eab00000,0x00000000eb000000)
  from space 1536K, 99% used [0x00000000eb000000,0x00000000eb17fe70,0x00000000eb180000)
  to   space 6144K, 0% used [0x00000000eb600000,0x00000000eb600000,0x00000000ebc00000)
 ParOldGen       total 151552K, used 149641K [0x00000000c0000000, 0x00000000c9400000, 0x00000000eab00000)
  object space 151552K, 98% used [0x00000000c0000000,0x00000000c9222548,0x00000000c9400000)
 Metaspace       used 78553K, capacity 82132K, committed 82432K, reserved 1122304K
  class space    used 7767K, capacity 9112K, committed 9216K, reserved 1048576K
}

